2015-02-19 08:42:35 [::1][-][-][info][api] 
{
    "response": {
        "data": {
            "id": 1,
            "key": "5d3684c133f144bd8bc8ceae99b5b00e"
        },
        "time": 1424331755
    }
}
2015-02-19 09:08:03 [::1][-][-][info][api] 
{
    "response": {
        "data": {
            "id": 2,
            "key": "1aa772d24a648edc4a4c5e8bbc529fdb"
        },
        "time": 1424333283
    }
}
2015-02-20 09:00:03 [::1][-][-][info][api] 
{
    "response": {
        "data": {
            "id": 1,
            "key": "f74fcbfcf1ced7f3f236a8bbdca7ead2"
        },
        "time": 1424419203
    }
}
2015-02-20 10:58:09 [::1][-][-][info][api] 
{
    "response": {
        "data": {
            "id": 2,
            "key": "5c92ca72218e8f1c9841c70681721902"
        },
        "time": 1424426289
    }
}
